I, [2017-05-03T22:07:35.461917 #13793]  INFO -- default-ubuntu-1404: -----> Converging <default-ubuntu-1404>...
I, [2017-05-03T22:07:35.464217 #13793]  INFO -- default-ubuntu-1404: Preparing files for transfer
I, [2017-05-03T22:07:35.464621 #13793]  INFO -- default-ubuntu-1404: Preparing dna.json
I, [2017-05-03T22:07:35.465298 #13793]  INFO -- default-ubuntu-1404: Resolving cookbook dependencies with Berkshelf 5.6.4...
I, [2017-05-03T22:07:41.647634 #13793]  INFO -- default-ubuntu-1404: Removing non-cookbook files before transfer
I, [2017-05-03T22:07:41.670303 #13793]  INFO -- default-ubuntu-1404: Preparing data_bags
I, [2017-05-03T22:07:41.671260 #13793]  INFO -- default-ubuntu-1404: Preparing validation.pem
I, [2017-05-03T22:07:41.671724 #13793]  INFO -- default-ubuntu-1404: Preparing client.rb
I, [2017-05-03T22:07:41.754573 #13793]  INFO -- default-ubuntu-1404: [SSH] connection failed, retrying in 1 seconds (#<Net::SSH::AuthenticationFailed: Authentication failed for user vagrant@127.0.0.1>)
I, [2017-05-03T22:07:42.834317 #13793]  INFO -- default-ubuntu-1404: [SSH] connection failed, retrying in 1 seconds (#<Net::SSH::AuthenticationFailed: Authentication failed for user vagrant@127.0.0.1>)
I, [2017-05-03T22:07:43.913665 #13793]  INFO -- default-ubuntu-1404: [SSH] connection failed, retrying in 1 seconds (#<Net::SSH::AuthenticationFailed: Authentication failed for user vagrant@127.0.0.1>)
I, [2017-05-03T22:07:44.993632 #13793]  INFO -- default-ubuntu-1404: [SSH] connection failed, retrying in 1 seconds (#<Net::SSH::AuthenticationFailed: Authentication failed for user vagrant@127.0.0.1>)
W, [2017-05-03T22:07:46.069978 #13793]  WARN -- default-ubuntu-1404: [SSH] connection failed, terminating (#<Net::SSH::AuthenticationFailed: Authentication failed for user vagrant@127.0.0.1>)
E, [2017-05-03T22:07:46.107172 #13793] ERROR -- default-ubuntu-1404: Converge failed on instance <default-ubuntu-1404>.
E, [2017-05-03T22:07:46.107425 #13793] ERROR -- default-ubuntu-1404: ------Exception-------
E, [2017-05-03T22:07:46.107457 #13793] ERROR -- default-ubuntu-1404: Class: Kitchen::ActionFailed
E, [2017-05-03T22:07:46.107481 #13793] ERROR -- default-ubuntu-1404: Message: SSH session could not be established
E, [2017-05-03T22:07:46.107504 #13793] ERROR -- default-ubuntu-1404: ----------------------
E, [2017-05-03T22:07:46.107526 #13793] ERROR -- default-ubuntu-1404: ------Backtrace-------
E, [2017-05-03T22:07:46.107548 #13793] ERROR -- default-ubuntu-1404: /opt/chefdk/embedded/lib/ruby/gems/2.3.0/gems/test-kitchen-1.16.0/lib/kitchen/provisioner/base.rb:83:in `rescue in call'
E, [2017-05-03T22:07:46.107572 #13793] ERROR -- default-ubuntu-1404: /opt/chefdk/embedded/lib/ruby/gems/2.3.0/gems/test-kitchen-1.16.0/lib/kitchen/provisioner/base.rb:86:in `call'
E, [2017-05-03T22:07:46.107596 #13793] ERROR -- default-ubuntu-1404: /opt/chefdk/embedded/lib/ruby/gems/2.3.0/gems/test-kitchen-1.16.0/lib/kitchen/instance.rb:384:in `block in converge_action'
E, [2017-05-03T22:07:46.107619 #13793] ERROR -- default-ubuntu-1404: /opt/chefdk/embedded/lib/ruby/gems/2.3.0/gems/test-kitchen-1.16.0/lib/kitchen/instance.rb:527:in `synchronize_or_call'
E, [2017-05-03T22:07:46.107642 #13793] ERROR -- default-ubuntu-1404: /opt/chefdk/embedded/lib/ruby/gems/2.3.0/gems/test-kitchen-1.16.0/lib/kitchen/instance.rb:489:in `block in action'
E, [2017-05-03T22:07:46.107679 #13793] ERROR -- default-ubuntu-1404: /opt/chefdk/embedded/lib/ruby/2.3.0/benchmark.rb:293:in `measure'
E, [2017-05-03T22:07:46.107702 #13793] ERROR -- default-ubuntu-1404: /opt/chefdk/embedded/lib/ruby/gems/2.3.0/gems/test-kitchen-1.16.0/lib/kitchen/instance.rb:488:in `action'
E, [2017-05-03T22:07:46.107725 #13793] ERROR -- default-ubuntu-1404: /opt/chefdk/embedded/lib/ruby/gems/2.3.0/gems/test-kitchen-1.16.0/lib/kitchen/instance.rb:380:in `converge_action'
E, [2017-05-03T22:07:46.107748 #13793] ERROR -- default-ubuntu-1404: /opt/chefdk/embedded/lib/ruby/gems/2.3.0/gems/test-kitchen-1.16.0/lib/kitchen/instance.rb:359:in `block in transition_to'
E, [2017-05-03T22:07:46.107771 #13793] ERROR -- default-ubuntu-1404: /opt/chefdk/embedded/lib/ruby/gems/2.3.0/gems/test-kitchen-1.16.0/lib/kitchen/instance.rb:358:in `each'
E, [2017-05-03T22:07:46.107812 #13793] ERROR -- default-ubuntu-1404: /opt/chefdk/embedded/lib/ruby/gems/2.3.0/gems/test-kitchen-1.16.0/lib/kitchen/instance.rb:358:in `transition_to'
E, [2017-05-03T22:07:46.107837 #13793] ERROR -- default-ubuntu-1404: /opt/chefdk/embedded/lib/ruby/gems/2.3.0/gems/test-kitchen-1.16.0/lib/kitchen/instance.rb:135:in `converge'
E, [2017-05-03T22:07:46.107860 #13793] ERROR -- default-ubuntu-1404: /opt/chefdk/embedded/lib/ruby/gems/2.3.0/gems/test-kitchen-1.16.0/lib/kitchen/command.rb:197:in `public_send'
E, [2017-05-03T22:07:46.107884 #13793] ERROR -- default-ubuntu-1404: /opt/chefdk/embedded/lib/ruby/gems/2.3.0/gems/test-kitchen-1.16.0/lib/kitchen/command.rb:197:in `run_action_in_thread'
E, [2017-05-03T22:07:46.107907 #13793] ERROR -- default-ubuntu-1404: /opt/chefdk/embedded/lib/ruby/gems/2.3.0/gems/test-kitchen-1.16.0/lib/kitchen/command.rb:169:in `block (2 levels) in run_action'
E, [2017-05-03T22:07:46.107952 #13793] ERROR -- default-ubuntu-1404: ----End Backtrace-----
E, [2017-05-03T22:07:46.107980 #13793] ERROR -- default-ubuntu-1404: ---Nested Exception---
E, [2017-05-03T22:07:46.108003 #13793] ERROR -- default-ubuntu-1404: Class: Kitchen::Transport::SshFailed
E, [2017-05-03T22:07:46.108025 #13793] ERROR -- default-ubuntu-1404: Message: SSH session could not be established
E, [2017-05-03T22:07:46.108047 #13793] ERROR -- default-ubuntu-1404: ----------------------
E, [2017-05-03T22:07:46.108069 #13793] ERROR -- default-ubuntu-1404: ------Backtrace-------
E, [2017-05-03T22:07:46.108091 #13793] ERROR -- default-ubuntu-1404: /opt/chefdk/embedded/lib/ruby/gems/2.3.0/gems/test-kitchen-1.16.0/lib/kitchen/provisioner/base.rb:83:in `rescue in call'
E, [2017-05-03T22:07:46.108114 #13793] ERROR -- default-ubuntu-1404: /opt/chefdk/embedded/lib/ruby/gems/2.3.0/gems/test-kitchen-1.16.0/lib/kitchen/provisioner/base.rb:86:in `call'
E, [2017-05-03T22:07:46.108137 #13793] ERROR -- default-ubuntu-1404: /opt/chefdk/embedded/lib/ruby/gems/2.3.0/gems/test-kitchen-1.16.0/lib/kitchen/instance.rb:384:in `block in converge_action'
E, [2017-05-03T22:07:46.108160 #13793] ERROR -- default-ubuntu-1404: /opt/chefdk/embedded/lib/ruby/gems/2.3.0/gems/test-kitchen-1.16.0/lib/kitchen/instance.rb:527:in `synchronize_or_call'
E, [2017-05-03T22:07:46.108183 #13793] ERROR -- default-ubuntu-1404: /opt/chefdk/embedded/lib/ruby/gems/2.3.0/gems/test-kitchen-1.16.0/lib/kitchen/instance.rb:489:in `block in action'
E, [2017-05-03T22:07:46.108206 #13793] ERROR -- default-ubuntu-1404: /opt/chefdk/embedded/lib/ruby/2.3.0/benchmark.rb:293:in `measure'
E, [2017-05-03T22:07:46.108233 #13793] ERROR -- default-ubuntu-1404: /opt/chefdk/embedded/lib/ruby/gems/2.3.0/gems/test-kitchen-1.16.0/lib/kitchen/instance.rb:488:in `action'
E, [2017-05-03T22:07:46.108257 #13793] ERROR -- default-ubuntu-1404: /opt/chefdk/embedded/lib/ruby/gems/2.3.0/gems/test-kitchen-1.16.0/lib/kitchen/instance.rb:380:in `converge_action'
E, [2017-05-03T22:07:46.108279 #13793] ERROR -- default-ubuntu-1404: /opt/chefdk/embedded/lib/ruby/gems/2.3.0/gems/test-kitchen-1.16.0/lib/kitchen/instance.rb:359:in `block in transition_to'
E, [2017-05-03T22:07:46.108302 #13793] ERROR -- default-ubuntu-1404: /opt/chefdk/embedded/lib/ruby/gems/2.3.0/gems/test-kitchen-1.16.0/lib/kitchen/instance.rb:358:in `each'
E, [2017-05-03T22:07:46.108326 #13793] ERROR -- default-ubuntu-1404: /opt/chefdk/embedded/lib/ruby/gems/2.3.0/gems/test-kitchen-1.16.0/lib/kitchen/instance.rb:358:in `transition_to'
E, [2017-05-03T22:07:46.108349 #13793] ERROR -- default-ubuntu-1404: /opt/chefdk/embedded/lib/ruby/gems/2.3.0/gems/test-kitchen-1.16.0/lib/kitchen/instance.rb:135:in `converge'
E, [2017-05-03T22:07:46.108371 #13793] ERROR -- default-ubuntu-1404: /opt/chefdk/embedded/lib/ruby/gems/2.3.0/gems/test-kitchen-1.16.0/lib/kitchen/command.rb:197:in `public_send'
E, [2017-05-03T22:07:46.108394 #13793] ERROR -- default-ubuntu-1404: /opt/chefdk/embedded/lib/ruby/gems/2.3.0/gems/test-kitchen-1.16.0/lib/kitchen/command.rb:197:in `run_action_in_thread'
E, [2017-05-03T22:07:46.108425 #13793] ERROR -- default-ubuntu-1404: /opt/chefdk/embedded/lib/ruby/gems/2.3.0/gems/test-kitchen-1.16.0/lib/kitchen/command.rb:169:in `block (2 levels) in run_action'
E, [2017-05-03T22:07:46.108523 #13793] ERROR -- default-ubuntu-1404: ----End Backtrace-----
