I, [2017-05-03T22:07:33.541294 #13793]  INFO -- Kitchen: -----> Starting Kitchen (v1.16.0)
I, [2017-05-03T22:07:35.461694 #13793]  INFO -- Kitchen: -----> Converging <default-ubuntu-1404>...
E, [2017-05-03T22:07:46.111709 #13793] ERROR -- Kitchen: ------Exception-------
E, [2017-05-03T22:07:46.111910 #13793] ERROR -- Kitchen: Class: Kitchen::ActionFailed
E, [2017-05-03T22:07:46.112040 #13793] ERROR -- Kitchen: Message: 1 actions failed.
>>>>>>     Converge failed on instance <default-ubuntu-1404>.  Please see .kitchen/logs/default-ubuntu-1404.log for more details
E, [2017-05-03T22:07:46.112081 #13793] ERROR -- Kitchen: ----------------------
E, [2017-05-03T22:07:46.112119 #13793] ERROR -- Kitchen: ------Backtrace-------
E, [2017-05-03T22:07:46.112153 #13793] ERROR -- Kitchen: /opt/chefdk/embedded/lib/ruby/gems/2.3.0/gems/test-kitchen-1.16.0/lib/kitchen/command.rb:183:in `report_errors'
E, [2017-05-03T22:07:46.112192 #13793] ERROR -- Kitchen: /opt/chefdk/embedded/lib/ruby/gems/2.3.0/gems/test-kitchen-1.16.0/lib/kitchen/command.rb:174:in `run_action'
E, [2017-05-03T22:07:46.112230 #13793] ERROR -- Kitchen: /opt/chefdk/embedded/lib/ruby/gems/2.3.0/gems/test-kitchen-1.16.0/lib/kitchen/command/action.rb:36:in `block in call'
E, [2017-05-03T22:07:46.112267 #13793] ERROR -- Kitchen: /opt/chefdk/embedded/lib/ruby/2.3.0/benchmark.rb:293:in `measure'
E, [2017-05-03T22:07:46.112305 #13793] ERROR -- Kitchen: /opt/chefdk/embedded/lib/ruby/gems/2.3.0/gems/test-kitchen-1.16.0/lib/kitchen/command/action.rb:34:in `call'
E, [2017-05-03T22:07:46.112340 #13793] ERROR -- Kitchen: /opt/chefdk/embedded/lib/ruby/gems/2.3.0/gems/test-kitchen-1.16.0/lib/kitchen/cli.rb:53:in `perform'
E, [2017-05-03T22:07:46.112378 #13793] ERROR -- Kitchen: /opt/chefdk/embedded/lib/ruby/gems/2.3.0/gems/test-kitchen-1.16.0/lib/kitchen/cli.rb:187:in `block (2 levels) in <class:CLI>'
E, [2017-05-03T22:07:46.112423 #13793] ERROR -- Kitchen: /opt/chefdk/embedded/lib/ruby/gems/2.3.0/gems/thor-0.19.1/lib/thor/command.rb:27:in `run'
E, [2017-05-03T22:07:46.112459 #13793] ERROR -- Kitchen: /opt/chefdk/embedded/lib/ruby/gems/2.3.0/gems/thor-0.19.1/lib/thor/invocation.rb:126:in `invoke_command'
E, [2017-05-03T22:07:46.112537 #13793] ERROR -- Kitchen: /opt/chefdk/embedded/lib/ruby/gems/2.3.0/gems/test-kitchen-1.16.0/lib/kitchen/cli.rb:334:in `invoke_task'
E, [2017-05-03T22:07:46.112576 #13793] ERROR -- Kitchen: /opt/chefdk/embedded/lib/ruby/gems/2.3.0/gems/thor-0.19.1/lib/thor.rb:359:in `dispatch'
E, [2017-05-03T22:07:46.112614 #13793] ERROR -- Kitchen: /opt/chefdk/embedded/lib/ruby/gems/2.3.0/gems/thor-0.19.1/lib/thor/base.rb:440:in `start'
E, [2017-05-03T22:07:46.112651 #13793] ERROR -- Kitchen: /opt/chefdk/embedded/lib/ruby/gems/2.3.0/gems/test-kitchen-1.16.0/bin/kitchen:13:in `block in <top (required)>'
E, [2017-05-03T22:07:46.112689 #13793] ERROR -- Kitchen: /opt/chefdk/embedded/lib/ruby/gems/2.3.0/gems/test-kitchen-1.16.0/lib/kitchen/errors.rb:171:in `with_friendly_errors'
E, [2017-05-03T22:07:46.112728 #13793] ERROR -- Kitchen: /opt/chefdk/embedded/lib/ruby/gems/2.3.0/gems/test-kitchen-1.16.0/bin/kitchen:13:in `<top (required)>'
E, [2017-05-03T22:07:46.112764 #13793] ERROR -- Kitchen: /usr/bin/kitchen:21:in `load'
E, [2017-05-03T22:07:46.112801 #13793] ERROR -- Kitchen: /usr/bin/kitchen:21:in `<main>'
E, [2017-05-03T22:07:46.112836 #13793] ERROR -- Kitchen: ----End Backtrace-----
E, [2017-05-03T22:07:46.112873 #13793] ERROR -- Kitchen: -Composite Exception--
E, [2017-05-03T22:07:46.112907 #13793] ERROR -- Kitchen: Class: Kitchen::InstanceFailure
E, [2017-05-03T22:07:46.112944 #13793] ERROR -- Kitchen: Message: Converge failed on instance <default-ubuntu-1404>.  Please see .kitchen/logs/default-ubuntu-1404.log for more details
E, [2017-05-03T22:07:46.112990 #13793] ERROR -- Kitchen: ----------------------
E, [2017-05-03T22:07:46.113025 #13793] ERROR -- Kitchen: ------Backtrace-------
E, [2017-05-03T22:07:46.113062 #13793] ERROR -- Kitchen: /opt/chefdk/embedded/lib/ruby/gems/2.3.0/gems/test-kitchen-1.16.0/lib/kitchen/provisioner/base.rb:83:in `rescue in call'
E, [2017-05-03T22:07:46.113116 #13793] ERROR -- Kitchen: /opt/chefdk/embedded/lib/ruby/gems/2.3.0/gems/test-kitchen-1.16.0/lib/kitchen/provisioner/base.rb:86:in `call'
E, [2017-05-03T22:07:46.113192 #13793] ERROR -- Kitchen: /opt/chefdk/embedded/lib/ruby/gems/2.3.0/gems/test-kitchen-1.16.0/lib/kitchen/instance.rb:384:in `block in converge_action'
E, [2017-05-03T22:07:46.113234 #13793] ERROR -- Kitchen: /opt/chefdk/embedded/lib/ruby/gems/2.3.0/gems/test-kitchen-1.16.0/lib/kitchen/instance.rb:527:in `synchronize_or_call'
E, [2017-05-03T22:07:46.113271 #13793] ERROR -- Kitchen: /opt/chefdk/embedded/lib/ruby/gems/2.3.0/gems/test-kitchen-1.16.0/lib/kitchen/instance.rb:489:in `block in action'
E, [2017-05-03T22:07:46.113310 #13793] ERROR -- Kitchen: /opt/chefdk/embedded/lib/ruby/2.3.0/benchmark.rb:293:in `measure'
E, [2017-05-03T22:07:46.113347 #13793] ERROR -- Kitchen: /opt/chefdk/embedded/lib/ruby/gems/2.3.0/gems/test-kitchen-1.16.0/lib/kitchen/instance.rb:488:in `action'
E, [2017-05-03T22:07:46.113386 #13793] ERROR -- Kitchen: /opt/chefdk/embedded/lib/ruby/gems/2.3.0/gems/test-kitchen-1.16.0/lib/kitchen/instance.rb:380:in `converge_action'
E, [2017-05-03T22:07:46.113424 #13793] ERROR -- Kitchen: /opt/chefdk/embedded/lib/ruby/gems/2.3.0/gems/test-kitchen-1.16.0/lib/kitchen/instance.rb:359:in `block in transition_to'
E, [2017-05-03T22:07:46.113461 #13793] ERROR -- Kitchen: /opt/chefdk/embedded/lib/ruby/gems/2.3.0/gems/test-kitchen-1.16.0/lib/kitchen/instance.rb:358:in `each'
E, [2017-05-03T22:07:46.113500 #13793] ERROR -- Kitchen: /opt/chefdk/embedded/lib/ruby/gems/2.3.0/gems/test-kitchen-1.16.0/lib/kitchen/instance.rb:358:in `transition_to'
E, [2017-05-03T22:07:46.113540 #13793] ERROR -- Kitchen: /opt/chefdk/embedded/lib/ruby/gems/2.3.0/gems/test-kitchen-1.16.0/lib/kitchen/instance.rb:135:in `converge'
E, [2017-05-03T22:07:46.113578 #13793] ERROR -- Kitchen: /opt/chefdk/embedded/lib/ruby/gems/2.3.0/gems/test-kitchen-1.16.0/lib/kitchen/command.rb:197:in `public_send'
E, [2017-05-03T22:07:46.113713 #13793] ERROR -- Kitchen: /opt/chefdk/embedded/lib/ruby/gems/2.3.0/gems/test-kitchen-1.16.0/lib/kitchen/command.rb:197:in `run_action_in_thread'
E, [2017-05-03T22:07:46.113755 #13793] ERROR -- Kitchen: /opt/chefdk/embedded/lib/ruby/gems/2.3.0/gems/test-kitchen-1.16.0/lib/kitchen/command.rb:169:in `block (2 levels) in run_action'
E, [2017-05-03T22:07:46.113792 #13793] ERROR -- Kitchen: ----End Backtrace-----
E, [2017-05-03T22:07:46.113830 #13793] ERROR -- Kitchen: ---Nested Exception---
E, [2017-05-03T22:07:46.113867 #13793] ERROR -- Kitchen: Class: Kitchen::ActionFailed
E, [2017-05-03T22:07:46.113903 #13793] ERROR -- Kitchen: Message: SSH session could not be established
E, [2017-05-03T22:07:46.113940 #13793] ERROR -- Kitchen: ----------------------
E, [2017-05-03T22:07:46.113976 #13793] ERROR -- Kitchen: ------Backtrace-------
E, [2017-05-03T22:07:46.114013 #13793] ERROR -- Kitchen: /opt/chefdk/embedded/lib/ruby/gems/2.3.0/gems/test-kitchen-1.16.0/lib/kitchen/provisioner/base.rb:83:in `rescue in call'
E, [2017-05-03T22:07:46.114051 #13793] ERROR -- Kitchen: /opt/chefdk/embedded/lib/ruby/gems/2.3.0/gems/test-kitchen-1.16.0/lib/kitchen/provisioner/base.rb:86:in `call'
E, [2017-05-03T22:07:46.114095 #13793] ERROR -- Kitchen: /opt/chefdk/embedded/lib/ruby/gems/2.3.0/gems/test-kitchen-1.16.0/lib/kitchen/instance.rb:384:in `block in converge_action'
E, [2017-05-03T22:07:46.114135 #13793] ERROR -- Kitchen: /opt/chefdk/embedded/lib/ruby/gems/2.3.0/gems/test-kitchen-1.16.0/lib/kitchen/instance.rb:527:in `synchronize_or_call'
E, [2017-05-03T22:07:46.114174 #13793] ERROR -- Kitchen: /opt/chefdk/embedded/lib/ruby/gems/2.3.0/gems/test-kitchen-1.16.0/lib/kitchen/instance.rb:489:in `block in action'
E, [2017-05-03T22:07:46.114210 #13793] ERROR -- Kitchen: /opt/chefdk/embedded/lib/ruby/2.3.0/benchmark.rb:293:in `measure'
E, [2017-05-03T22:07:46.114250 #13793] ERROR -- Kitchen: /opt/chefdk/embedded/lib/ruby/gems/2.3.0/gems/test-kitchen-1.16.0/lib/kitchen/instance.rb:488:in `action'
E, [2017-05-03T22:07:46.114287 #13793] ERROR -- Kitchen: /opt/chefdk/embedded/lib/ruby/gems/2.3.0/gems/test-kitchen-1.16.0/lib/kitchen/instance.rb:380:in `converge_action'
E, [2017-05-03T22:07:46.114338 #13793] ERROR -- Kitchen: /opt/chefdk/embedded/lib/ruby/gems/2.3.0/gems/test-kitchen-1.16.0/lib/kitchen/instance.rb:359:in `block in transition_to'
E, [2017-05-03T22:07:46.114378 #13793] ERROR -- Kitchen: /opt/chefdk/embedded/lib/ruby/gems/2.3.0/gems/test-kitchen-1.16.0/lib/kitchen/instance.rb:358:in `each'
E, [2017-05-03T22:07:46.114415 #13793] ERROR -- Kitchen: /opt/chefdk/embedded/lib/ruby/gems/2.3.0/gems/test-kitchen-1.16.0/lib/kitchen/instance.rb:358:in `transition_to'
E, [2017-05-03T22:07:46.114453 #13793] ERROR -- Kitchen: /opt/chefdk/embedded/lib/ruby/gems/2.3.0/gems/test-kitchen-1.16.0/lib/kitchen/instance.rb:135:in `converge'
E, [2017-05-03T22:07:46.114492 #13793] ERROR -- Kitchen: /opt/chefdk/embedded/lib/ruby/gems/2.3.0/gems/test-kitchen-1.16.0/lib/kitchen/command.rb:197:in `public_send'
E, [2017-05-03T22:07:46.114528 #13793] ERROR -- Kitchen: /opt/chefdk/embedded/lib/ruby/gems/2.3.0/gems/test-kitchen-1.16.0/lib/kitchen/command.rb:197:in `run_action_in_thread'
E, [2017-05-03T22:07:46.114566 #13793] ERROR -- Kitchen: /opt/chefdk/embedded/lib/ruby/gems/2.3.0/gems/test-kitchen-1.16.0/lib/kitchen/command.rb:169:in `block (2 levels) in run_action'
E, [2017-05-03T22:07:46.114602 #13793] ERROR -- Kitchen: ----End Backtrace-----
